0 info it worked if it ends with ok
1 verbose cli [ 'C:\\Program Files\\nodejs\\\\node.exe',
1 verbose cli   'C:\\Program Files\\nodejs\\node_modules\\npm\\bin\\npm-cli.js',
1 verbose cli   'install',
1 verbose cli   'https://cdnjs.cloudflare.com/ajax/libs/Chart.js/2.4.0/Chart.js',
1 verbose cli   '--save' ]
2 info using npm@1.4.28
3 info using node@v0.10.36
4 verbose node symlink C:\Program Files\nodejs\\node.exe
5 verbose readDependencies using package.json deps
6 verbose cache add [ 'https://cdnjs.cloudflare.com/ajax/libs/Chart.js/2.4.0/Chart.js',
6 verbose cache add   null ]
7 verbose cache add name=undefined spec="https://cdnjs.cloudflare.com/ajax/libs/Chart.js/2.4.0/Chart.js" args=["https://cdnjs.cloudflare.com/ajax/libs/Chart.js/2.4.0/Chart.js",null]
8 verbose parsed url { protocol: 'https:',
8 verbose parsed url   slashes: true,
8 verbose parsed url   auth: null,
8 verbose parsed url   host: 'cdnjs.cloudflare.com',
8 verbose parsed url   port: null,
8 verbose parsed url   hostname: 'cdnjs.cloudflare.com',
8 verbose parsed url   hash: null,
8 verbose parsed url   search: null,
8 verbose parsed url   query: null,
8 verbose parsed url   pathname: '/ajax/libs/Chart.js/2.4.0/Chart.js',
8 verbose parsed url   path: '/ajax/libs/Chart.js/2.4.0/Chart.js',
8 verbose parsed url   href: 'https://cdnjs.cloudflare.com/ajax/libs/Chart.js/2.4.0/Chart.js' }
9 silly lockFile 71813746-jax-libs-Chart-js-2-4-0-Chart-js https://cdnjs.cloudflare.com/ajax/libs/Chart.js/2.4.0/Chart.js
10 verbose lock https://cdnjs.cloudflare.com/ajax/libs/Chart.js/2.4.0/Chart.js C:\Users\ragnar\AppData\Roaming\npm-cache\71813746-jax-libs-Chart-js-2-4-0-Chart-js.lock
11 verbose addRemoteTarball [ 'https://cdnjs.cloudflare.com/ajax/libs/Chart.js/2.4.0/Chart.js',
11 verbose addRemoteTarball   null ]
12 info retry fetch attempt 1 at 09:18:38
13 verbose fetch to= C:\Users\ragnar\AppData\Local\Temp\npm-198468-xT3v2IYq\cdnjs.cloudflare.com\ajax\libs\Chart.js\2.4.0\Chart.js
14 http GET https://cdnjs.cloudflare.com/ajax/libs/Chart.js/2.4.0/Chart.js
15 http 200 https://cdnjs.cloudflare.com/ajax/libs/Chart.js/2.4.0/Chart.js
16 verbose tar unpack C:\Users\ragnar\AppData\Local\Temp\npm-198468-xT3v2IYq\cdnjs.cloudflare.com\ajax\libs\Chart.js\2.4.0\Chart.js
17 silly lockFile 67aaa79f-s-Chart-js-2-4-0-Chart-js-unpack tar://C:\Users\ragnar\AppData\Local\Temp\npm-198468-xT3v2IYq\cdnjs.cloudflare.com\ajax\libs\Chart.js\2.4.0\Chart.js-unpack
18 verbose lock tar://C:\Users\ragnar\AppData\Local\Temp\npm-198468-xT3v2IYq\cdnjs.cloudflare.com\ajax\libs\Chart.js\2.4.0\Chart.js-unpack C:\Users\ragnar\AppData\Roaming\npm-cache\67aaa79f-s-Chart-js-2-4-0-Chart-js-unpack.lock
19 silly lockFile 258a82c7-jax-libs-Chart-js-2-4-0-Chart-js tar://C:\Users\ragnar\AppData\Local\Temp\npm-198468-xT3v2IYq\cdnjs.cloudflare.com\ajax\libs\Chart.js\2.4.0\Chart.js
20 verbose lock tar://C:\Users\ragnar\AppData\Local\Temp\npm-198468-xT3v2IYq\cdnjs.cloudflare.com\ajax\libs\Chart.js\2.4.0\Chart.js C:\Users\ragnar\AppData\Roaming\npm-cache\258a82c7-jax-libs-Chart-js-2-4-0-Chart-js.lock
21 silly gunzTarPerm modes [ '777', '666' ]
22 error not a package C:\Users\ragnar\AppData\Local\Temp\npm-198468-xT3v2IYq\cdnjs.cloudflare.com\ajax\libs\Chart.js\2.4.0\Chart.js
23 silly lockFile 67aaa79f-s-Chart-js-2-4-0-Chart-js-unpack tar://C:\Users\ragnar\AppData\Local\Temp\npm-198468-xT3v2IYq\cdnjs.cloudflare.com\ajax\libs\Chart.js\2.4.0\Chart.js-unpack
24 silly lockFile 67aaa79f-s-Chart-js-2-4-0-Chart-js-unpack tar://C:\Users\ragnar\AppData\Local\Temp\npm-198468-xT3v2IYq\cdnjs.cloudflare.com\ajax\libs\Chart.js\2.4.0\Chart.js-unpack
25 silly lockFile 258a82c7-jax-libs-Chart-js-2-4-0-Chart-js tar://C:\Users\ragnar\AppData\Local\Temp\npm-198468-xT3v2IYq\cdnjs.cloudflare.com\ajax\libs\Chart.js\2.4.0\Chart.js
26 silly lockFile 258a82c7-jax-libs-Chart-js-2-4-0-Chart-js tar://C:\Users\ragnar\AppData\Local\Temp\npm-198468-xT3v2IYq\cdnjs.cloudflare.com\ajax\libs\Chart.js\2.4.0\Chart.js
27 silly lockFile 71813746-jax-libs-Chart-js-2-4-0-Chart-js https://cdnjs.cloudflare.com/ajax/libs/Chart.js/2.4.0/Chart.js
28 silly lockFile 71813746-jax-libs-Chart-js-2-4-0-Chart-js https://cdnjs.cloudflare.com/ajax/libs/Chart.js/2.4.0/Chart.js
29 error Error: ENOENT, open 'C:\Users\ragnar\AppData\Local\Temp\npm-198468-xT3v2IYq\cdnjs.cloudflare.com\ajax\libs\Chart.js\2.4.0\Chart.js-unpack\package.json'
30 error If you need help, you may report this *entire* log,
30 error including the npm and node versions, at:
30 error     <http://github.com/npm/npm/issues>
31 error System Windows_NT 6.1.7600
32 error command "C:\\Program Files\\nodejs\\\\node.exe" "C:\\Program Files\\nodejs\\node_modules\\npm\\bin\\npm-cli.js" "install" "https://cdnjs.cloudflare.com/ajax/libs/Chart.js/2.4.0/Chart.js" "--save"
33 error cwd F:\git\ust\ustool\ustool1
34 error node -v v0.10.36
35 error npm -v 1.4.28
36 error path C:\Users\ragnar\AppData\Local\Temp\npm-198468-xT3v2IYq\cdnjs.cloudflare.com\ajax\libs\Chart.js\2.4.0\Chart.js-unpack\package.json
37 error code ENOENT
38 error errno 34
39 verbose exit [ 34, true ]
